Loading model...
Loading weights: 100%|██████████████████████████████████████████████████████████████████████████████████████████████████████| 291/291 [01:31<00:00,  3.96it/s, Materializing param=model.norm.weight]
Loading weights: 100%|██████████████████████████████████████████████████████████████████████████████████████████████████████| 291/291 [01:31<00:00,  3.19it/s, Materializing param=model.norm.weight]
Model loaded.
Data loaded: 100 rows (range [0, 2400])
Using pipeline: v2
Medical dictionary loaded: 9331 terms

Processing 100 rows...

Processing row 0 (1/100)...
  Injected 4 term definitions: ['estrogen receptor', 'adjuvant therapy', 'PR positive', 'mastectomy']
  Trying regex extraction...
  Regex matched: 'Assessment / Plan:'
  Regex extraction succeeded (894 chars)
  A/P extraction: 0.0s
    Reason_for_Visit: 4.5s [semantic-fixed]
      [EXTRACT] raw={
  "Patient type": "New patient",
  "second opinion": "no",
  "in-person": "in-person",
  "summary": "New patient evaluation for metastatic breast cancer, specifically metastatic relapse of previousl
      [G1-FORMAT] ok, keys=['Patient type', 'second opinion', 'in-person', 'summary']
      [G2-SCHEMA] ok
      [G3-FAITH] no changes (all supported)
      [G6-SEMANTIC] summary: "New patient evaluation for metastatic breast cancer, specifically metastatic rel" -> "Patient presents with metastatic relapse of previously diagnosed ER+ breast canc"
