Loading model...
Loading weights: 100%|██████████████████████████████████████████████████████████████████████████████████████████████████████| 291/291 [01:18<00:00,  4.03it/s, Materializing param=model.norm.weight]
Loading weights: 100%|██████████████████████████████████████████████████████████████████████████████████████████████████████| 291/291 [01:18<00:00,  3.70it/s, Materializing param=model.norm.weight]
Model loaded.
Data loaded: 20 rows (range [20, 40])
Using pipeline: v2
Medical dictionary loaded: 9331 terms

Processing 20 rows...

Processing row 20 (1/20)...
  Injected 3 term definitions: ['aromatase inhibitor', 'mastectomy', 'DCIS']
  Trying regex extraction...
  Regex matched: 'Assessment:'
  Regex extraction succeeded (2168 chars)
  A/P extraction: 0.0s
    Reason_for_Visit: 5.5s [faith-trimmed, semantic-fixed]
      [EXTRACT] raw={
  "Patient type": "New patient",
  "second opinion": "no",
  "in-person": "in-person",
  "summary": "Patient is a 70 y.o. female with a recent diagnosis of right breast ductal carcinoma in situ (DCI
      [G1-FORMAT] ok, keys=['Patient type', 'second opinion', 'in-person', 'summary']
      [G2-SCHEMA] ok
      [G3-FAITH] summary: "Patient is a 70 y.o. female with a recent diagnosis of right" -> "Patient is a 70 y.o. female with a recent diagnosis of right"
      [G6-SEMANTIC] summary: "Patient is a 70 y.o. female with a recent diagnosis of right breast ductal carci" -> "Patient is a 70 y.o. female with a recent diagnosis of right breast ductal carci"
    What_We_Found: 8.3s [faith-trimmed, semantic-fixed]
      [EXTRACT] raw={
  "Type_of_Cancer": "DCIS, ER+/PR+/HER2-",
  "Stage_of_Cancer": "Not mentioned in note",
  "Distant Metastasis": "No",
  "Metastasis": "No",
  "lab_summary": "No recent labs available.",
  "findings
      [G1-FORMAT] ok, keys=['Type_of_Cancer', 'Stage_of_Cancer', 'Distant Metastasis', 'Metastasis', 'lab_summary', 'findings']
      [G2-SCHEMA] ok
      [G3-FAITH] findings: "Intermediate grade DCIS, ER+/PR+ DCIS spanning ~5.0 cm, clea" -> "Intermediate grade DCIS, ER+/PR+ DCIS spanning ~5.0 cm, clea"
      [G6-SEMANTIC] lab_summary: "No recent labs available." -> ""
    Treatment_Summary: 3.8s [faith-trimmed, semantic-fixed]
      [EXTRACT] raw={
  "current_meds": "",
  "recent_changes": "She will start adjuvant radiation +/- endocrine therapy to reduce her risk of right breast DCIS recurrence or progression to invasive cancer.",
  "supporti
      [G1-FORMAT] ok, keys=['current_meds', 'recent_changes', 'supportive_meds']
      [G2-SCHEMA] ok
      [G3-FAITH] recent_changes: "She will start adjuvant radiation +/- endocrine therapy to r" -> ""
      [G3-FAITH] EMPTIED: ['recent_changes']
      [G6-SEMANTIC] recent_changes: "" -> "She is inclined toward undertaking additional adjuvant treatment(s) to minimize "
    Goals_of_care: 3.1s [semantic-fixed]
      [EXTRACT] raw={
  "goals_of_treatment": "risk reduction",
  "response_assessment": "Not mentioned in note."
}
      [G1-FORMAT] ok, keys=['goals_of_treatment', 'response_assessment']
      [G2-SCHEMA] ok
      [G3-FAITH] no changes (all supported)
      [G6-SEMANTIC] response_assessment: "Not mentioned in note." -> "The patient is inclined toward undertaking additional adjuvant treatment(s) to m"
  Extraction prompts: 21.6s
