Loading model...
Fetching 5 files:  80%|‚Ėą‚Ėą‚Ėą‚Ėą‚Ėą‚Ėą‚Ėą‚Ėą  | 4/5 [06:07<00:58, 58.27s/it] 
Fetching 5 files: 100%|‚Ėą‚Ėą‚Ėą‚Ėą‚Ėą‚Ėą‚Ėą‚Ėą‚Ėą‚Ėą| 5/5 [06:07<00:00, 73.53s/it]

[33mWARN[0m  Python GIL is enabled: Multi-gpu quant acceleration for MoE models is sub-optimal and multi-core accelerated cpu packing is also disabled. We recommend Python >= 3.13.3t with Pytorch > 2.8 for mult-gpu quantization and multi-cpu packing with env `PYTHON_GIL=0`.
[33mWARN[0m  Feature `utils/Perplexity` requires Python < 3.14 and Python GIL enabled and Python >= 3.13.3T (T for Threading-Free edition of Python) plus Torch 2.8. Feature is currently skipped/disabled.
[32mINFO[0m  ENV: Auto setting PYTORCH_ALLOC_CONF='expandable_segments:True,max_split_size_mb:256,garbage_collection_threshold:0.7' for memory saving.
[32mINFO[0m  ENV: Auto setting CUDA_DEVICE_ORDER=PCI_BUS_ID for correctness.          
[32mINFO[0m  

_____/\\\\\\\\\\\\__/\\\\\\\\\\\\\____/\\\\\\\\\\\\\\\______________________/\\\________/\\\\____________/\\\\_______________________/\\\__________________/\\\\\\____
 ___/\\\//////////__\/\\\/////////\\\_\///////\\\/////____________________/\\\\/\\\\____\/\\\\\\________/\\\\\\______________________\/\\\_________________\////\\\____
  __/\\\_____________\/\\\_______\/\\\_______\/\\\_______________________/\\\//\////\\\__\/\\\//\\\____/\\\//\\\______________________\/\\\____________________\/\\\____
   _\/\\\____/\\\\\\\_\/\\\\\\\\\\\\\/________\/\\\________/\\\\\\\\\\\__/\\\______\//\\\_\/\\\\///\\\/\\\/_\/\\\_____/\\\\\___________\/\\\______/\\\\\\\\_____\/\\\____
    _\/\\\___\/////\\\_\/\\\/////////__________\/\\\_______\///////////__\//\\\______/\\\__\/\\\__\///\\\/___\/\\\___/\\\///\\\____/\\\\\\\\\____/\\\/////\\\____\/\\\____
     _\/\\\_______\/\\\_\/\\\___________________\/\\\______________________\///\\\\/\\\\/___\/\\\____\///_____\/\\\__/\\\__\//\\\__/\\\////\\\___/\\\\\\\\\\\_____\/\\\____
      _\/\\\_______\/\\\_\/\\\___________________\/\\\________________________\////\\\//_____\/\\\_____________\/\\\_\//\\\__/\\\__\/\\\__\/\\\__\//\\///////______\/\\\____
       _\//\\\\\\\\\\\\/__\/\\\___________________\/\\\___________________________\///\\\\\\__\/\\\_____________\/\\\__\///\\\\\/___\//\\\\\\\/\\__\//\\\\\\\\\\__/\\\\\\\\\_
        __\////////////____\///____________________\///______________________________\//////___\///______________\///_____\/////______\///////\//____\//////////__\/////////__

[32mINFO[0m  Kernel: Auto-selection: adding candidate `AwqExllamaV2QuantLinear`       
[32mINFO[0m  Kernel: selected -> `AwqExllamaV2QuantLinear`.                           
Loading weights: 100%|‚Ėą‚Ėą‚Ėą‚Ėą‚Ėą‚Ėą‚Ėą‚Ėą‚Ėą‚Ėą| 1667/1667 [00:02<00:00, 672.51it/s, Materializing param=model.norm.weight]
Loading weights: 100%|‚Ėą‚Ėą‚Ėą‚Ėą‚Ėą‚Ėą‚Ėą‚Ėą‚Ėą‚Ėą| 1667/1667 [00:02<00:00, 688.75it/s, Materializing param=model.norm.weight]
