Loading model...
Loading weights: 100%|███████████| 291/291 [01:06<00:00,  5.08it/s, Materializing param=model.norm.weight]
Loading weights: 100%|███████████| 291/291 [01:06<00:00,  4.39it/s, Materializing param=model.norm.weight]
Model loaded.
Data loaded: 5 rows (range [10, 15])
Using pipeline: v2

Processing 5 rows...

Processing row 10 (1/5)...
  Trying regex extraction...
  Regex matched: 'ASSESSMENT & PLAN'
  Regex extraction succeeded (1231 chars)
  A/P extraction: 0.0s
    Reason_for_Visit: 3.6s
      [EXTRACT] raw={
  "Patient type": "Follow up",
  "second opinion": "no",
  "in-person": "in-person",
  "summary": "Patient with metastatic breast cancer, stage III C infiltrating ductal carcinoma, for follow up and
      [G1-FORMAT] ok, keys=['Patient type', 'second opinion', 'in-person', 'summary']
      [G2-SCHEMA] ok
      [G3-FAITH] no changes (all supported)
    What_We_Found: 14.2s
      [EXTRACT] raw={
  "Type_of_Cancer": "breast cancer",
  "Stage_of_Cancer": "III C",
  "Distant Metastasis": "Yes, to bone",
  "Metastasis": "Yes, to bone",
  "lab_summary": "WBC 5.6, RBC 5.25, Hemoglobin 15.0, Hemat
      [G1-FORMAT] ok, keys=['Type_of_Cancer', 'Stage_of_Cancer', 'Distant Metastasis', 'Metastasis', 'lab_summary', 'findings']
      [G2-SCHEMA] ok
      [G3-FAITH] no changes (all supported)
    Treatment_Summary: 6.9s [faith-trimmed]
      [EXTRACT] raw={
  "current_meds": "Fulvestrant (Faslodex), Denosumab, Letrozole, Acetaminophen, Aspirin, Docusate sodium, Hydrocodone-acetaminophen, Levothyroxine, Lovastatin, Metformin, Multivitamin, Senna-docusat
      [G1-FORMAT] ok, keys=['current_meds', 'recent_changes', 'supportive_meds']
      [G2-SCHEMA] ok
      [G3-FAITH] recent_changes: "None mentioned" -> ""
      [G3-FAITH] EMPTIED: ['recent_changes']
